This is pdfTeX, Version 3.1415926-2.4-1.40.13 (MiKTeX 2.9 64-bit) (preloaded format=pdflatex 2013.9.1)  28 APR 2014 14:34
entering extended mode
**C:/Users/User/Documents/Project*work/Latex*Report/Main/master.tex
("C:/Users/User/Documents/Project work/Latex Report/Main/master.tex"
LaTeX2e <2011/06/27>
Babel <v3.8m> and hyphenation patterns for english, afrikaans, ancientgreek, ar
abic, armenian, assamese, basque, bengali, bokmal, bulgarian, catalan, coptic, 
croatian, czech, danish, dutch, esperanto, estonian, farsi, finnish, french, ga
lician, german, german-x-2012-05-30, greek, gujarati, hindi, hungarian, iceland
ic, indonesian, interlingua, irish, italian, kannada, kurmanji, latin, latvian,
 lithuanian, malayalam, marathi, mongolian, mongolianlmc, monogreek, ngerman, n
german-x-2012-05-30, nynorsk, oriya, panjabi, pinyin, polish, portuguese, roman
ian, russian, sanskrit, serbian, slovak, slovenian, spanish, swedish, swissgerm
an, tamil, telugu, turkish, turkmen, ukenglish, ukrainian, uppersorbian, usengl
ishmax, welsh, loaded.
("C:\Program Files\MiKTeX 2.9\tex\latex\aastex\aastex.cls"
Document Class: aastex 2005/06/22 5.2/AAS markup document class
Class aastex Info: Original \LaTeX2.09 style by Chris Biemesderfer (chris@seago
at.com). Adapted to \LaTeXe by A. Ogawa (ogawa@teleport.com) on input line 83.
("C:\Program Files\MiKTeX 2.9\tex\latex\base\article.cls"
Document Class: article 2007/10/19 v1.4h Standard LaTeX document class
("C:\Program Files\MiKTeX 2.9\tex\latex\base\size12.clo"
File: size12.clo 2007/10/19 v1.4h Standard LaTeX file (size option)
)
\c@part=\count79
\c@section=\count80
\c@subsection=\count81
\c@subsubsection=\count82
\c@paragraph=\count83
\c@subparagraph=\count84
\c@figure=\count85
\c@table=\count86
\abovecaptionskip=\skip41
\belowcaptionskip=\skip42
\bibindent=\dimen102
)
("C:\Program Files\MiKTeX 2.9\tex\latex\base\latexsym.sty"
Package: latexsym 1998/08/17 v2.2e Standard LaTeX package (lasy symbols)
\symlasy=\mathgroup4
LaTeX Font Info:    Overwriting symbol font `lasy' in version `bold'
(Font)                  U/lasy/m/n --> U/lasy/b/n on input line 47.
)
("C:\Program Files\MiKTeX 2.9\tex\latex\graphics\graphicx.sty"
Package: graphicx 1999/02/16 v1.0f Enhanced LaTeX Graphics (DPC,SPQR)

("C:\Program Files\MiKTeX 2.9\tex\latex\graphics\keyval.sty"
Package: keyval 1999/03/16 v1.13 key=value parser (DPC)
\KV@toks@=\toks14
)
("C:\Program Files\MiKTeX 2.9\tex\latex\graphics\graphics.sty"
Package: graphics 2009/02/05 v1.0o Standard LaTeX Graphics (DPC,SPQR)

("C:\Program Files\MiKTeX 2.9\tex\latex\graphics\trig.sty"
Package: trig 1999/03/16 v1.09 sin cos tan (DPC)
)
("C:\Program Files\MiKTeX 2.9\tex\latex\00miktex\graphics.cfg"
File: graphics.cfg 2007/01/18 v1.5 graphics configuration of teTeX/TeXLive
)
Package graphics Info: Driver file: pdftex.def on input line 91.

("C:\Program Files\MiKTeX 2.9\tex\latex\pdftex-def\pdftex.def"
File: pdftex.def 2011/05/27 v0.06d Graphics/color for pdfTeX

("C:\Program Files\MiKTeX 2.9\tex\generic\oberdiek\infwarerr.sty"
Package: infwarerr 2010/04/08 v1.3 Providing info/warning/error messages (HO)
)
("C:\Program Files\MiKTeX 2.9\tex\generic\oberdiek\ltxcmds.sty"
Package: ltxcmds 2011/11/09 v1.22 LaTeX kernel commands for general use (HO)
)
\Gread@gobject=\count87
))
\Gin@req@height=\dimen103
\Gin@req@width=\dimen104
)
("C:\Program Files\MiKTeX 2.9\tex\latex\amsfonts\amssymb.sty"
Package: amssymb 2013/01/14 v3.01 AMS font symbols

("C:\Program Files\MiKTeX 2.9\tex\latex\amsfonts\amsfonts.sty"
Package: amsfonts 2013/01/14 v3.01 Basic AMSFonts support
\@emptytoks=\toks15
\symAMSa=\mathgroup5
\symAMSb=\mathgroup6
LaTeX Font Info:    Overwriting math alphabet `\mathfrak' in version `bold'
(Font)                  U/euf/m/n --> U/euf/b/n on input line 106.
))
("C:\Program Files\MiKTeX 2.9\tex\latex\natbib\natbib.sty"
Package: natbib 2010/09/13 8.31b (PWD, AO)
\bibhang=\skip43
\bibsep=\skip44
LaTeX Info: Redefining \cite on input line 694.
\c@NAT@ctr=\count88
)
("C:\Program Files\MiKTeX 2.9\tex\latex\tools\verbatim.sty"
Package: verbatim 2003/08/22 v1.5q LaTeX2e package for verbatim enhancements
\every@verbatim=\toks16
\verbatim@line=\toks17
\verbatim@in@stream=\read1
)
\@slugcmmntwidth=\dimen105
\abstract@box=\box26
\c@editornote=\count89
\c@cureqno=\count90
\tnotemarkskip=\skip45
\@abovenoteskip=\dimen106
\pt@box=\box27
\pt@width=\dimen107
\pt@line=\count91
\pt@column=\count92
\pt@nlines=\count93
\pt@ncol=\count94
\pt@page=\count95
\tabbaseskip=\dimen108
\pt@tmpcapwidth=\dimen109
\spew@tblnotesbox=\box28
\restof@tblnotesbox=\box29
\noteheight=\dimen110
\pt@tabnoteminht=\dimen111
\firsttabskip=\dimen112
\captionbox=\box30
\pt@reduceline=\dimen113
\extra@vspace=\dimen114
\c@plate=\count96
\my@footins=\box31
)
("C:\Program Files\MiKTeX 2.9\tex\latex\rotating\rotating.sty"
Package: rotating 2009/03/28 v2.16a rotated objects in LaTeX

("C:\Program Files\MiKTeX 2.9\tex\latex\base\ifthen.sty"
Package: ifthen 2001/05/26 v1.1c Standard LaTeX ifthen package (DPC)
)
\c@r@tfl@t=\count97
\rotFPtop=\skip46
\rotFPbot=\skip47
\rot@float@box=\box32
\rot@mess@toks=\toks18
)
("C:\Program Files\MiKTeX 2.9\tex\latex\amsmath\amsmath.sty"
Package: amsmath 2013/01/14 v2.14 AMS math features
\@mathmargin=\skip48

For additional information on amsmath, use the `?' option.
("C:\Program Files\MiKTeX 2.9\tex\latex\amsmath\amstext.sty"
Package: amstext 2000/06/29 v2.01

("C:\Program Files\MiKTeX 2.9\tex\latex\amsmath\amsgen.sty"
File: amsgen.sty 1999/11/30 v2.0
\@emptytoks=\toks19
\ex@=\dimen115
))
("C:\Program Files\MiKTeX 2.9\tex\latex\amsmath\amsbsy.sty"
Package: amsbsy 1999/11/29 v1.2d
\pmbraise@=\dimen116
)
("C:\Program Files\MiKTeX 2.9\tex\latex\amsmath\amsopn.sty"
Package: amsopn 1999/12/14 v2.01 operator names
)
\inf@bad=\count98
LaTeX Info: Redefining \frac on input line 210.
\uproot@=\count99
\leftroot@=\count100
LaTeX Info: Redefining \overline on input line 306.
\classnum@=\count101
\DOTSCASE@=\count102
LaTeX Info: Redefining \ldots on input line 378.
LaTeX Info: Redefining \dots on input line 381.
LaTeX Info: Redefining \cdots on input line 466.
\Mathstrutbox@=\box33
\strutbox@=\box34
\big@size=\dimen117
LaTeX Font Info:    Redeclaring font encoding OML on input line 566.
LaTeX Font Info:    Redeclaring font encoding OMS on input line 567.
\macc@depth=\count103
\c@MaxMatrixCols=\count104
\dotsspace@=\muskip10
\c@parentequation=\count105
\dspbrk@lvl=\count106
\tag@help=\toks20
\row@=\count107
\column@=\count108
\maxfields@=\count109
\andhelp@=\toks21
\eqnshift@=\dimen118
\alignsep@=\dimen119
\tagshift@=\dimen120
\tagwidth@=\dimen121
\totwidth@=\dimen122
\lineht@=\dimen123
\@envbody=\toks22
\multlinegap=\skip49
\multlinetaggap=\skip50
\mathdisplay@stack=\toks23
LaTeX Info: Redefining \[ on input line 2665.
LaTeX Info: Redefining \] on input line 2666.
)
("C:\Program Files\MiKTeX 2.9\tex\latex\jknappen\mathbbol.sty"
Package: mathbbol 1995/01/01
\symbbold=\mathgroup7
)
("C:\Users\User\Documents\Project work\Latex Report\Main\master.aux")
LaTeX Font Info:    Checking defaults for OML/cmm/m/it on input line 9.
LaTeX Font Info:    ... okay on input line 9.
LaTeX Font Info:    Checking defaults for T1/cmr/m/n on input line 9.
LaTeX Font Info:    ... okay on input line 9.
LaTeX Font Info:    Checking defaults for OT1/cmr/m/n on input line 9.
LaTeX Font Info:    ... okay on input line 9.
LaTeX Font Info:    Checking defaults for OMS/cmsy/m/n on input line 9.
LaTeX Font Info:    ... okay on input line 9.
LaTeX Font Info:    Checking defaults for OMX/cmex/m/n on input line 9.
LaTeX Font Info:    ... okay on input line 9.
LaTeX Font Info:    Checking defaults for U/cmr/m/n on input line 9.
LaTeX Font Info:    ... okay on input line 9.

("C:\Program Files\MiKTeX 2.9\tex\context\base\supp-pdf.mkii"
[Loading MPS to PDF converter (version 2006.09.02).]
\scratchcounter=\count110
\scratchdimen=\dimen124
\scratchbox=\box35
\nofMPsegments=\count111
\nofMParguments=\count112
\everyMPshowfont=\toks24
\MPscratchCnt=\count113
\MPscratchDim=\dimen125
\MPnumerator=\count114
\makeMPintoPDFobject=\count115
\everyMPtoPDFconversion=\toks25
)
AAS preprint substyle, v5.2 <12 Dec 2003>.
LaTeX Font Info:    Try loading font information for U+lasy on input line 41.
("C:\Program Files\MiKTeX 2.9\tex\latex\base\ulasy.fd"
File: ulasy.fd 1998/08/17 v2.2e LaTeX symbol font definitions
)
LaTeX Font Info:    Try loading font information for U+msa on input line 41.

("C:\Program Files\MiKTeX 2.9\tex\latex\amsfonts\umsa.fd"
File: umsa.fd 2013/01/14 v3.01 AMS symbols A
)
LaTeX Font Info:    Try loading font information for U+msb on input line 41.

("C:\Program Files\MiKTeX 2.9\tex\latex\amsfonts\umsb.fd"
File: umsb.fd 2013/01/14 v3.01 AMS symbols B
)
LaTeX Font Info:    Try loading font information for U+bbold on input line 41.

("C:\Program Files\MiKTeX 2.9\tex\latex\bbold\ubbold.fd")
<figs/Durham-University-Logo.png, id=1, 683.55376pt x 320.69812pt>
File: figs/Durham-University-Logo.png Graphic file (type png)

<use figs/Durham-University-Logo.png>
Package pdftex.def Info: figs/Durham-University-Logo.png used on input line 66.

(pdftex.def)             Requested size: 234.87749pt x 110.19566pt.
 [1

{C:/ProgramData/MiKTeX/2.9/pdftex/config/pdftex.map} <C:/Users/User/Documents/P
roject work/Latex Report/Main/figs/Durham-University-Logo.png>]
("C:\Users\User\Documents\Project work\Latex Report\Main\abstract.tex")
("C:\Users\User\Documents\Project work\Latex Report\Main\master.toc" [1])
\tf@toc=\write3

("C:\Users\User\Documents\Project work\Latex Report\Main\introduction.tex"
[2] <figs/elliptical_ESO_325-G004.jpg, id=22, 562.1pt x 602.25pt>
File: figs/elliptical_ESO_325-G004.jpg Graphic file (type jpg)

<use figs/elliptical_ESO_325-G004.jpg>
Package pdftex.def Info: figs/elliptical_ESO_325-G004.jpg used on input line 21
.
(pdftex.def)             Requested size: 140.92776pt x 151.76596pt.

<figs/S0_NGC7049.jpg, id=23, 752.8125pt x 752.8125pt>
File: figs/S0_NGC7049.jpg Graphic file (type jpg)

<use figs/S0_NGC7049.jpg>
Package pdftex.def Info: figs/S0_NGC7049.jpg used on input line 22.
(pdftex.def)             Requested size: 140.92226pt x 151.76596pt.

<figs/spiral_NGC5457_pinwheel.jpg, id=24, 769.87625pt x 602.25pt>
File: figs/spiral_NGC5457_pinwheel.jpg Graphic file (type jpg)

<use figs/spiral_NGC5457_pinwheel.jpg>
Package pdftex.def Info: figs/spiral_NGC5457_pinwheel.jpg used on input line 23
.
(pdftex.def)             Requested size: 140.9212pt x 151.76596pt.
 [3 <C:/Users/User/Documents/Project work/Latex Report/Main/figs/elliptical_ESO
_325-G004.jpg> <C:/Users/User/Documents/Project work/Latex Report/Main/figs/S0_
NGC7049.jpg> <C:/Users/User/Documents/Project work/Latex Report/Main/figs/spira
l_NGC5457_pinwheel.jpg>]
<figs/Hubble_fork.jpg, id=29, 524.71031pt x 223.58531pt>
File: figs/Hubble_fork.jpg Graphic file (type jpg)

<use figs/Hubble_fork.jpg>
Package pdftex.def Info: figs/Hubble_fork.jpg used on input line 36.
(pdftex.def)             Requested size: 328.82706pt x 140.12256pt.
 [4 <C:/Users/User/Documents/Project work/Latex Report/Main/figs/Hubble_fork.jp
g>]
<figs/sersic_mags.png, id=35, 613.54219pt x 462.97969pt>
File: figs/sersic_mags.png Graphic file (type png)

<use figs/sersic_mags.png>
Package pdftex.def Info: figs/sersic_mags.png used on input line 58.
(pdftex.def)             Requested size: 328.82706pt x 248.13321pt.
 [5] [6 <C:/Users/User/Documents/Project work/Latex Report/Main/figs/sersic_mag
s.png>]
<figs/trunc_type_examples.png, id=45, 1233.6489pt x 607.068pt>
File: figs/trunc_type_examples.png Graphic file (type png)

<use figs/trunc_type_examples.png>
Package pdftex.def Info: figs/trunc_type_examples.png used on input line 89.
(pdftex.def)             Requested size: 704.63248pt x 346.7456pt.


LaTeX Warning: `h' float specifier changed to `ht'.

[7] [8 <C:/Users/User/Documents/Project work/Latex Report/Main/figs/trunc_type_
examples.png>])
("C:\Users\User\Documents\Project work\Latex Report\Main\sample_selection.tex")
("C:\Users\User\Documents\Project work\Latex Report\Main\analysis.tex" [9]
<figs/sky_examples.png, id=56, 1233.6489pt x 607.068pt>
File: figs/sky_examples.png Graphic file (type png)

<use figs/sky_examples.png>
Package pdftex.def Info: figs/sky_examples.png used on input line 11.
(pdftex.def)             Requested size: 704.63248pt x 346.7456pt.


LaTeX Warning: `h' float specifier changed to `ht'.

[10] <figs/sky_finder.png, id=60, 674.2791pt x 533.3526pt>
File: figs/sky_finder.png Graphic file (type png)

<use figs/sky_finder.png>
Package pdftex.def Info: figs/sky_finder.png used on input line 24.
(pdftex.def)             Requested size: 281.85585pt x 222.94858pt.


LaTeX Warning: `h' float specifier changed to `ht'.

[11 <C:/Users/User/Documents/Project work/Latex Report/Main/figs/sky_examples.p
ng>] [12 <C:/Users/User/Documents/Project work/Latex Report/Main/figs/sky_finde
r.png>] [13] <figs/trunc_finder.png, id=73, 672.8337pt x 513.117pt>
File: figs/trunc_finder.png Graphic file (type png)

<use figs/trunc_finder.png>
Package pdftex.def Info: figs/trunc_finder.png used on input line 88.
(pdftex.def)             Requested size: 375.80542pt x 286.59976pt.


LaTeX Warning: `h' float specifier changed to `ht'.

[14] [15 <C:/Users/User/Documents/Project work/Latex Report/Main/figs/trunc_fin
der.png>]) ("C:\Users\User\Documents\Project work\Latex Report\Main\results.tex
" <figs/sky_hist.png, id=81, 715.473pt x 564.4287pt>
File: figs/sky_hist.png Graphic file (type png)
 <use figs/sky_hist.png>
Package pdftex.def Info: figs/sky_hist.png used on input line 12.
(pdftex.def)             Requested size: 328.82706pt x 259.4078pt.


LaTeX Warning: `h' float specifier changed to `ht'.

[16] <figs/example_decomp.png, id=85, 1233.6489pt x 607.068pt>
File: figs/example_decomp.png Graphic file (type png)

<use figs/example_decomp.png>
Package pdftex.def Info: figs/example_decomp.png used on input line 25.
(pdftex.def)             Requested size: 910.60132pt x 448.10245pt.
 [17 <C:/Users/User/Documents/Project work/Latex Report/Main/figs/sky_hist.png>
] [18 <C:/Users/User/Documents/Project work/Latex Report/Main/figs/example_deco
mp.png>]
<figs/props_hist.png, id=95, 1233.6489pt x 607.068pt>
File: figs/props_hist.png Graphic file (type png)

<use figs/props_hist.png>
Package pdftex.def Info: figs/props_hist.png used on input line 54.
(pdftex.def)             Requested size: 607.06755pt x 298.73497pt.
 [19] [20 <C:/Users/User/Documents/Project work/Latex Report/Main/figs/props_hi
st.png>]
<figs/fraction_vs_cluster_radius.png, id=103, 589.0005pt x 444.4605pt>
File: figs/fraction_vs_cluster_radius.png Graphic file (type png)

<use figs/fraction_vs_cluster_radius.png>
Package pdftex.def Info: figs/fraction_vs_cluster_radius.png used on input line
 70.
(pdftex.def)             Requested size: 294.49953pt x 222.2297pt.
 [21 <C:/Users/User/Documents/Project work/Latex Report/Main/figs/fraction_vs_c
luster_radius.png>]
<figs/bulge_mag_vs_brk.png, id=108, 648.2619pt x 497.2176pt>
File: figs/bulge_mag_vs_brk.png Graphic file (type png)

<use figs/bulge_mag_vs_brk.png>
Package pdftex.def Info: figs/bulge_mag_vs_brk.png used on input line 89.
(pdftex.def)             Requested size: 375.80542pt x 288.24225pt.
) [22 <C:/Users/User/Documents/Project work/Latex Report/Main/figs/bulge_mag_vs
_brk.png>]
("C:\Users\User\Documents\Project work\Latex Report\Main\discussion.tex"
<figs/total_bar_chart_truncs_incl_field.png, id=115, 589.0005pt x 444.4605pt>
File: figs/total_bar_chart_truncs_incl_field.png Graphic file (type png)

<use figs/total_bar_chart_truncs_incl_field.png>
Package pdftex.def Info: figs/total_bar_chart_truncs_incl_field.png used on inp
ut line 10.
(pdftex.def)             Requested size: 469.75499pt x 354.49055pt.


LaTeX Warning: `h' float specifier changed to `ht'.

[23] [24 <C:/Users/User/Documents/Project work/Latex Report/Main/figs/total_bar
_chart_truncs_incl_field.png>])
("C:\Users\User\Documents\Project work\Latex Report\Main\conclusion.tex"
LaTeX Font Info:    Try loading font information for OMS+cmr on input line 7.

("C:\Program Files\MiKTeX 2.9\tex\latex\base\omscmr.fd"
File: omscmr.fd 1999/05/25 v2.5h Standard LaTeX font definitions
)
LaTeX Font Info:    Font shape `OMS/cmr/m/n' in size <12> not available
(Font)              Font shape `OMS/cmsy/m/n' tried instead on input line 7.
 [25])
("C:\Users\User\Documents\Project work\Latex Report\Main\master.bbl" [26]
[27] [28]) [29]
("C:\Users\User\Documents\Project work\Latex Report\Main\master.aux") ) 
Here is how much of TeX's memory you used:
 3436 strings out of 493921
 46989 string characters out of 3147286
 99226 words of memory out of 3000000
 6643 multiletter control sequences out of 15000+200000
 14841 words of font info for 62 fonts, out of 3000000 for 9000
 841 hyphenation exceptions out of 8191
 34i,9n,28p,1223b,361s stack positions out of 5000i,500n,10000p,200000b,50000s
<C:/Prog
ram Files/MiKTeX 2.9/fonts/type1/public/amsfonts/cm/cmbx12.pfb><C:/Program File
s/MiKTeX 2.9/fonts/type1/public/amsfonts/cm/cmcsc10.pfb><C:/Program Files/MiKTe
X 2.9/fonts/type1/public/amsfonts/cm/cmex10.pfb><C:/Program Files/MiKTeX 2.9/fo
nts/type1/public/amsfonts/cm/cmmi10.pfb><C:/Program Files/MiKTeX 2.9/fonts/type
1/public/amsfonts/cm/cmmi12.pfb><C:/Program Files/MiKTeX 2.9/fonts/type1/public
/amsfonts/cm/cmmi7.pfb><C:/Program Files/MiKTeX 2.9/fonts/type1/public/amsfonts
/cm/cmmi8.pfb><C:/Program Files/MiKTeX 2.9/fonts/type1/public/amsfonts/cm/cmr10
.pfb><C:/Program Files/MiKTeX 2.9/fonts/type1/public/amsfonts/cm/cmr12.pfb><C:/
Program Files/MiKTeX 2.9/fonts/type1/public/amsfonts/cm/cmr7.pfb><C:/Program Fi
les/MiKTeX 2.9/fonts/type1/public/amsfonts/cm/cmr8.pfb><C:/Program Files/MiKTeX
 2.9/fonts/type1/public/amsfonts/cm/cmsy10.pfb><C:/Program Files/MiKTeX 2.9/fon
ts/type1/public/amsfonts/cm/cmsy8.pfb><C:/Program Files/MiKTeX 2.9/fonts/type1/
public/amsfonts/cm/cmti12.pfb><C:/Program Files/MiKTeX 2.9/fonts/type1/public/a
msfonts/symbols/msam10.pfb>
Output written on master.pdf (30 pages, 1010710 bytes).
PDF statistics:
 187 PDF objects out of 1000 (max. 8388607)
 0 named destinations out of 1000 (max. 500000)
 81 words of extra memory for PDF output out of 10000 (max. 10000000)

